===2019-04-25 16:08:44.169 DEBUG io.swagger.jackson.ModelResolver Line:117 - resolveProperty [simple type, class java.lang.String]
===2019-04-25 16:08:44.170 DEBUG io.swagger.converter.ModelConverterContextImpl Line:55  - defineModel UpdateUserPwdByEmailDto io.swagger.models.ModelImpl@c82f543d
===2019-04-25 16:08:44.171 DEBUG io.swagger.converter.ModelConverterContextImpl Line:75  - resolveProperty class java.lang.String
===2019-04-25 16:08:44.171 DEBUG io.swagger.jackson.ModelResolver Line:117 - resolveProperty [simple type, class java.lang.String]
===2019-04-25 16:08:44.171 DEBUG io.swagger.converter.ModelConverters Line:82  - ModelConverters readAll from class cn.medsci.pass.admin.dto.saasuser.UpdateUserPwdDto
===2019-04-25 16:08:44.171 DEBUG io.swagger.converter.ModelConverterContextImpl Line:93  - resolve class cn.medsci.pass.admin.dto.saasuser.UpdateUserPwdDto
===2019-04-25 16:08:44.171 DEBUG io.swagger.converter.ModelConverterContextImpl Line:99  - trying extension org.apache.servicecomb.swagger.extend.ModelResolverExt@44ba9f25
===2019-04-25 16:08:44.171 DEBUG io.swagger.converter.ModelConverterContextImpl Line:55  - defineModel UpdateUserPwdDto io.swagger.models.ModelImpl@cec2e7f4
===2019-04-25 16:08:44.172 DEBUG io.swagger.converter.ModelConverterContextImpl Line:75  - resolveProperty [simple type, class java.lang.String]
===2019-04-25 16:08:44.172 DEBUG io.swagger.jackson.ModelResolver Line:92  - Can't check class [simple type, class java.lang.String], java.lang.String
===2019-04-25 16:08:44.172 DEBUG io.swagger.jackson.ModelResolver Line:117 - resolveProperty [simple type, class java.lang.String]
===2019-04-25 16:08:44.172 DEBUG io.swagger.converter.ModelConverterContextImpl Line:75  - resolveProperty [simple type, class java.lang.String]
===2019-04-25 16:08:44.172 DEBUG io.swagger.jackson.ModelResolver Line:92  - Can't check class [simple type, class java.lang.String], java.lang.String
===2019-04-25 16:08:44.172 DEBUG io.swagger.jackson.ModelResolver Line:117 - resolveProperty [simple type, class java.lang.String]
===2019-04-25 16:08:44.172 DEBUG io.swagger.converter.ModelConverterContextImpl Line:55  - defineModel UpdateUserPwdDto io.swagger.models.ModelImpl@f2821bac
===2019-04-25 16:08:44.173 DEBUG io.swagger.converter.ModelConverterContextImpl Line:75  - resolveProperty class cn.medsci.pass.admin.dto.saasuser.UpdateUserPwdDto
===2019-04-25 16:08:44.173 DEBUG io.swagger.jackson.ModelResolver Line:117 - resolveProperty [simple type, class cn.medsci.pass.admin.dto.saasuser.UpdateUserPwdDto]
===2019-04-25 16:08:44.173 DEBUG io.swagger.converter.ModelConverterContextImpl Line:93  - resolve [simple type, class cn.medsci.pass.admin.dto.saasuser.UpdateUserPwdDto]
===2019-04-25 16:08:44.173 DEBUG io.swagger.converter.ModelConverterContextImpl Line:99  - trying extension org.apache.servicecomb.swagger.extend.ModelResolverExt@44ba9f25
===2019-04-25 16:08:44.173 DEBUG io.swagger.jackson.ModelResolver Line:92  - Can't check class [simple type, class cn.medsci.pass.admin.dto.saasuser.UpdateUserPwdDto], cn.medsci.pass.admin.dto.saasuser.UpdateUserPwdDto
===2019-04-25 16:08:44.173 DEBUG io.swagger.converter.ModelConverterContextImpl Line:93  - resolve class cn.medsci.pass.admin.dto.saasuser.UpdateUserPwdDto
===2019-04-25 16:08:44.173 DEBUG io.swagger.converter.ModelConverterContextImpl Line:99  - trying extension org.apache.servicecomb.swagger.extend.ModelResolverExt@44ba9f25
===2019-04-25 16:08:44.173 DEBUG io.swagger.converter.ModelConverterContextImpl Line:55  - defineModel UpdateUserPwdDto io.swagger.models.ModelImpl@cec2e7f4
===2019-04-25 16:08:44.173 DEBUG io.swagger.converter.ModelConverterContextImpl Line:75  - resolveProperty [simple type, class java.lang.String]
===2019-04-25 16:08:44.173 DEBUG io.swagger.jackson.ModelResolver Line:92  - Can't check class [simple type, class java.lang.String], java.lang.String
===2019-04-25 16:08:44.173 DEBUG io.swagger.jackson.ModelResolver Line:117 - resolveProperty [simple type, class java.lang.String]
===2019-04-25 16:08:44.173 DEBUG io.swagger.converter.ModelConverterContextImpl Line:75  - resolveProperty [simple type, class java.lang.String]
===2019-04-25 16:08:44.174 DEBUG io.swagger.jackson.ModelResolver Line:92  - Can't check class [simple type, class java.lang.String], java.lang.String
===2019-04-25 16:08:44.174 DEBUG io.swagger.jackson.ModelResolver Line:117 - resolveProperty [simple type, class java.lang.String]
===2019-04-25 16:08:44.174 DEBUG io.swagger.converter.ModelConverterContextImpl Line:55  - defineModel UpdateUserPwdDto io.swagger.models.ModelImpl@f2821bac
===2019-04-25 16:08:44.174 DEBUG io.swagger.converter.ModelConverters Line:82  - ModelConverters readAll from class cn.medsci.pass.admin.dto.common.ObjectRestPageResponse
===2019-04-25 16:08:44.174 DEBUG io.swagger.converter.ModelConverterContextImpl Line:93  - resolve class cn.medsci.pass.admin.dto.common.ObjectRestPageResponse
===2019-04-25 16:08:44.174 DEBUG io.swagger.converter.ModelConverterContextImpl Line:99  - trying extension org.apache.servicecomb.swagger.extend.ModelResolverExt@44ba9f25
===2019-04-25 16:08:44.174 DEBUG io.swagger.converter.ModelConverterContextImpl Line:55  - defineModel ObjectRestPageResponse io.swagger.models.ModelImpl@c74f95c1
===2019-04-25 16:08:44.174 DEBUG io.swagger.converter.ModelConverterContextImpl Line:75  - resolveProperty [simple type, class int]
===2019-04-25 16:08:44.174 DEBUG io.swagger.jackson.ModelResolver Line:92  - Can't check class [simple type, class int], int
===2019-04-25 16:08:44.174 DEBUG io.swagger.jackson.ModelResolver Line:117 - resolveProperty [simple type, class int]
===2019-04-25 16:08:44.174 DEBUG io.swagger.converter.ModelConverterContextImpl Line:75  - resolveProperty [simple type, class java.lang.String]
===2019-04-25 16:08:44.174 DEBUG io.swagger.jackson.ModelResolver Line:92  - Can't check class [simple type, class java.lang.String], java.lang.String
===2019-04-25 16:08:44.174 DEBUG io.swagger.jackson.ModelResolver Line:117 - resolveProperty [simple type, class java.lang.String]
===2019-04-25 16:08:44.175 DEBUG io.swagger.converter.ModelConverterContextImpl Line:75  - resolveProperty [simple type, class java.lang.Object]
===2019-04-25 16:08:44.175 DEBUG io.swagger.jackson.ModelResolver Line:92  - Can't check class [simple type, class java.lang.Object], java.lang.Object
===2019-04-25 16:08:44.175 DEBUG io.swagger.jackson.ModelResolver Line:117 - resolveProperty [simple type, class java.lang.Object]
===2019-04-25 16:08:44.175 DEBUG io.swagger.converter.ModelConverterContextImpl Line:75  - resolveProperty [simple type, class int]
===2019-04-25 16:08:44.175 DEBUG io.swagger.jackson.ModelResolver Line:92  - Can't check class [simple type, class int], int
===2019-04-25 16:08:44.175 DEBUG io.swagger.jackson.ModelResolver Line:117 - resolveProperty [simple type, class int]
===2019-04-25 16:08:44.175 DEBUG io.swagger.converter.ModelConverterContextImpl Line:55  - defineModel ObjectRestPageResponse io.swagger.models.ModelImpl@64145f0f
===2019-04-25 16:08:44.175 DEBUG io.swagger.converter.ModelConverterContextImpl Line:75  - resolveProperty class cn.medsci.pass.admin.dto.common.ObjectRestPageResponse
===2019-04-25 16:08:44.175 DEBUG io.swagger.jackson.ModelResolver Line:117 - resolveProperty [simple type, class cn.medsci.pass.admin.dto.common.ObjectRestPageResponse]
===2019-04-25 16:08:44.175 DEBUG io.swagger.converter.ModelConverterContextImpl Line:93  - resolve [simple type, class cn.medsci.pass.admin.dto.common.ObjectRestPageResponse]
===2019-04-25 16:08:44.175 DEBUG io.swagger.converter.ModelConverterContextImpl Line:99  - trying extension org.apache.servicecomb.swagger.extend.ModelResolverExt@44ba9f25
===2019-04-25 16:08:44.175 DEBUG io.swagger.jackson.ModelResolver Line:92  - Can't check class [simple type, class cn.medsci.pass.admin.dto.common.ObjectRestPageResponse], cn.medsci.pass.admin.dto.common.ObjectRestPageResponse
===2019-04-25 16:08:44.175 DEBUG io.swagger.converter.ModelConverterContextImpl Line:93  - resolve class cn.medsci.pass.admin.dto.common.ObjectRestPageResponse
===2019-04-25 16:08:44.176 DEBUG io.swagger.converter.ModelConverterContextImpl Line:99  - trying extension org.apache.servicecomb.swagger.extend.ModelResolverExt@44ba9f25
===2019-04-25 16:08:44.176 DEBUG io.swagger.converter.ModelConverterContextImpl Line:55  - defineModel ObjectRestPageResponse io.swagger.models.ModelImpl@c74f95c1
===2019-04-25 16:08:44.176 DEBUG io.swagger.converter.ModelConverterContextImpl Line:75  - resolveProperty [simple type, class int]
===2019-04-25 16:08:44.176 DEBUG io.swagger.jackson.ModelResolver Line:92  - Can't check class [simple type, class int], int
===2019-04-25 16:08:44.176 DEBUG io.swagger.jackson.ModelResolver Line:117 - resolveProperty [simple type, class int]
===2019-04-25 16:08:44.176 DEBUG io.swagger.converter.ModelConverterContextImpl Line:75  - resolveProperty [simple type, class java.lang.String]
===2019-04-25 16:08:44.176 DEBUG io.swagger.jackson.ModelResolver Line:92  - Can't check class [simple type, class java.lang.String], java.lang.String
===2019-04-25 16:08:44.176 DEBUG io.swagger.jackson.ModelResolver Line:117 - resolveProperty [simple type, class java.lang.String]
===2019-04-25 16:08:44.176 DEBUG io.swagger.converter.ModelConverterContextImpl Line:75  - resolveProperty [simple type, class java.lang.Object]
===2019-04-25 16:08:44.176 DEBUG io.swagger.jackson.ModelResolver Line:92  - Can't check class [simple type, class java.lang.Object], java.lang.Object
===2019-04-25 16:08:44.176 DEBUG io.swagger.jackson.ModelResolver Line:117 - resolveProperty [simple type, class java.lang.Object]
===2019-04-25 16:08:44.176 DEBUG io.swagger.converter.ModelConverterContextImpl Line:75  - resolveProperty [simple type, class int]
===2019-04-25 16:08:44.176 DEBUG io.swagger.jackson.ModelResolver Line:92  - Can't check class [simple type, class int], int
===2019-04-25 16:08:44.177 DEBUG io.swagger.jackson.ModelResolver Line:117 - resolveProperty [simple type, class int]
===2019-04-25 16:08:44.177 DEBUG io.swagger.converter.ModelConverterContextImpl Line:55  - defineModel ObjectRestPageResponse io.swagger.models.ModelImpl@64145f0f
===2019-04-25 16:08:44.177 DEBUG io.swagger.converter.ModelConverters Line:82  - ModelConverters readAll from class cn.medsci.pass.admin.dto.saasuser.UpdateUserStatusDto
===2019-04-25 16:08:44.177 DEBUG io.swagger.converter.ModelConverterContextImpl Line:93  - resolve class cn.medsci.pass.admin.dto.saasuser.UpdateUserStatusDto
===2019-04-25 16:08:44.177 DEBUG io.swagger.converter.ModelConverterContextImpl Line:99  - trying extension org.apache.servicecomb.swagger.extend.ModelResolverExt@44ba9f25
===2019-04-25 16:08:44.177 DEBUG io.swagger.converter.ModelConverterContextImpl Line:55  - defineModel UpdateUserStatusDto io.swagger.models.ModelImpl@11925277
===2019-04-25 16:08:44.177 DEBUG io.swagger.converter.ModelConverterContextImpl Line:75  - resolveProperty [simple type, class java.lang.String]
===2019-04-25 16:08:44.177 DEBUG io.swagger.jackson.ModelResolver Line:92  - Can't check class [simple type, class java.lang.String], java.lang.String
===2019-04-25 16:08:44.178 DEBUG io.swagger.jackson.ModelResolver Line:117 - resolveProperty [simple type, class java.lang.String]
===2019-04-25 16:08:44.178 DEBUG io.swagger.converter.ModelConverterContextImpl Line:75  - resolveProperty [simple type, class java.lang.Integer]
===2019-04-25 16:08:44.178 DEBUG io.swagger.jackson.ModelResolver Line:92  - Can't check class [simple type, class java.lang.Integer], java.lang.Integer
===2019-04-25 16:08:44.178 DEBUG io.swagger.jackson.ModelResolver Line:117 - resolveProperty [simple type, class java.lang.Integer]
===2019-04-25 16:08:44.178 DEBUG io.swagger.converter.ModelConverterContextImpl Line:75  - resolveProperty [simple type, class java.lang.String]
===2019-04-25 16:08:44.178 DEBUG io.swagger.jackson.ModelResolver Line:92  - Can't check class [simple type, class java.lang.String], java.lang.String
===2019-04-25 16:08:44.178 DEBUG io.swagger.jackson.ModelResolver Line:117 - resolveProperty [simple type, class java.lang.String]
===2019-04-25 16:08:44.178 DEBUG io.swagger.converter.ModelConverterContextImpl Line:75  - resolveProperty [simple type, class java.util.Date]
===2019-04-25 16:08:44.178 DEBUG io.swagger.jackson.ModelResolver Line:92  - Can't check class [simple type, class java.util.Date], java.util.Date
===2019-04-25 16:08:44.178 DEBUG io.swagger.jackson.ModelResolver Line:117 - resolveProperty [simple type, class java.util.Date]
===2019-04-25 16:08:44.178 DEBUG io.swagger.converter.ModelConverterContextImpl Line:55  - defineModel UpdateUserStatusDto io.swagger.models.ModelImpl@107bf459
===2019-04-25 16:08:44.178 DEBUG io.swagger.converter.ModelConverterContextImpl Line:75  - resolveProperty class cn.medsci.pass.admin.dto.saasuser.UpdateUserStatusDto
===2019-04-25 16:08:44.178 DEBUG io.swagger.jackson.ModelResolver Line:117 - resolveProperty [simple type, class cn.medsci.pass.admin.dto.saasuser.UpdateUserStatusDto]
===2019-04-25 16:08:44.178 DEBUG io.swagger.converter.ModelConverterContextImpl Line:93  - resolve [simple type, class cn.medsci.pass.admin.dto.saasuser.UpdateUserStatusDto]
===2019-04-25 16:08:44.178 DEBUG io.swagger.converter.ModelConverterContextImpl Line:99  - trying extension org.apache.servicecomb.swagger.extend.ModelResolverExt@44ba9f25
===2019-04-25 16:08:44.179 DEBUG io.swagger.jackson.ModelResolver Line:92  - Can't check class [simple type, class cn.medsci.pass.admin.dto.saasuser.UpdateUserStatusDto], cn.medsci.pass.admin.dto.saasuser.UpdateUserStatusDto
===2019-04-25 16:08:44.179 DEBUG io.swagger.converter.ModelConverterContextImpl Line:93  - resolve class cn.medsci.pass.admin.dto.saasuser.UpdateUserStatusDto
===2019-04-25 16:08:44.179 DEBUG io.swagger.converter.ModelConverterContextImpl Line:99  - trying extension org.apache.servicecomb.swagger.extend.ModelResolverExt@44ba9f25
===2019-04-25 16:08:44.179 DEBUG io.swagger.converter.ModelConverterContextImpl Line:55  - defineModel UpdateUserStatusDto io.swagger.models.ModelImpl@11925277
===2019-04-25 16:08:44.179 DEBUG io.swagger.converter.ModelConverterContextImpl Line:75  - resolveProperty [simple type, class java.lang.String]
===2019-04-25 16:08:44.179 DEBUG io.swagger.jackson.ModelResolver Line:92  - Can't check class [simple type, class java.lang.String], java.lang.String
===2019-04-25 16:08:44.179 DEBUG io.swagger.jackson.ModelResolver Line:117 - resolveProperty [simple type, class java.lang.String]
===2019-04-25 16:08:44.179 DEBUG io.swagger.converter.ModelConverterContextImpl Line:75  - resolveProperty [simple type, class java.lang.Integer]
===2019-04-25 16:08:44.179 DEBUG io.swagger.jackson.ModelResolver Line:92  - Can't check class [simple type, class java.lang.Integer], java.lang.Integer
===2019-04-25 16:08:44.179 DEBUG io.swagger.jackson.ModelResolver Line:117 - resolveProperty [simple type, class java.lang.Integer]
===2019-04-25 16:08:44.179 DEBUG io.swagger.converter.ModelConverterContextImpl Line:75  - resolveProperty [simple type, class java.lang.String]
===2019-04-25 16:08:44.179 DEBUG io.swagger.jackson.ModelResolver Line:92  - Can't check class [simple type, class java.lang.String], java.lang.String
===2019-04-25 16:08:44.179 DEBUG io.swagger.jackson.ModelResolver Line:117 - resolveProperty [simple type, class java.lang.String]
===2019-04-25 16:08:44.180 DEBUG io.swagger.converter.ModelConverterContextImpl Line:75  - resolveProperty [simple type, class java.util.Date]
===2019-04-25 16:08:44.180 DEBUG io.swagger.jackson.ModelResolver Line:92  - Can't check class [simple type, class java.util.Date], java.util.Date
===2019-04-25 16:08:44.180 DEBUG io.swagger.jackson.ModelResolver Line:117 - resolveProperty [simple type, class java.util.Date]
===2019-04-25 16:08:44.180 DEBUG io.swagger.converter.ModelConverterContextImpl Line:55  - defineModel UpdateUserStatusDto io.swagger.models.ModelImpl@107bf459
===2019-04-25 16:08:44.180 DEBUG io.swagger.converter.ModelConverters Line:82  - ModelConverters readAll from class cn.medsci.pass.admin.dto.common.ObjectRestResponse
===2019-04-25 16:08:44.180 DEBUG io.swagger.converter.ModelConverterContextImpl Line:93  - resolve class cn.medsci.pass.admin.dto.common.ObjectRestResponse
===2019-04-25 16:08:44.180 DEBUG io.swagger.converter.ModelConverterContextImpl Line:99  - trying extension org.apache.servicecomb.swagger.extend.ModelResolverExt@44ba9f25
===2019-04-25 16:08:44.180 DEBUG io.swagger.converter.ModelConverterContextImpl Line:55  - defineModel ObjectRestResponse io.swagger.models.ModelImpl@b7fa7dd2
===2019-04-25 16:08:44.180 DEBUG io.swagger.converter.ModelConverterContextImpl Line:75  - resolveProperty [simple type, class int]
===2019-04-25 16:08:44.180 DEBUG io.swagger.jackson.ModelResolver Line:92  - Can't check class [simple type, class int], int
===2019-04-25 16:08:44.180 DEBUG io.swagger.jackson.ModelResolver Line:117 - resolveProperty [simple type, class int]
===2019-04-25 16:08:44.180 DEBUG io.swagger.converter.ModelConverterContextImpl Line:75  - resolveProperty [simple type, class java.lang.String]
===2019-04-25 16:08:44.180 DEBUG io.swagger.jackson.ModelResolver Line:92  - Can't check class [simple type, class java.lang.String], java.lang.String
===2019-04-25 16:08:44.181 DEBUG io.swagger.jackson.ModelResolver Line:117 - resolveProperty [simple type, class java.lang.String]
===2019-04-25 16:08:44.181 DEBUG io.swagger.converter.ModelConverterContextImpl Line:75  - resolveProperty [simple type, class java.lang.Object]
===2019-04-25 16:08:44.181 DEBUG io.swagger.jackson.ModelResolver Line:92  - Can't check class [simple type, class java.lang.Object], java.lang.Object
===2019-04-25 16:08:44.181 DEBUG io.swagger.jackson.ModelResolver Line:117 - resolveProperty [simple type, class java.lang.Object]
===2019-04-25 16:08:44.181 DEBUG io.swagger.converter.ModelConverterContextImpl Line:55  - defineModel ObjectRestResponse io.swagger.models.ModelImpl@706370d0
===2019-04-25 16:08:44.181 DEBUG io.swagger.converter.ModelConverterContextImpl Line:75  - resolveProperty class cn.medsci.pass.admin.dto.common.ObjectRestResponse
===2019-04-25 16:08:44.181 DEBUG io.swagger.jackson.ModelResolver Line:117 - resolveProperty [simple type, class cn.medsci.pass.admin.dto.common.ObjectRestResponse]
===2019-04-25 16:08:44.181 DEBUG io.swagger.converter.ModelConverterContextImpl Line:93  - resolve [simple type, class cn.medsci.pass.admin.dto.common.ObjectRestResponse]
===2019-04-25 16:08:44.181 DEBUG io.swagger.converter.ModelConverterContextImpl Line:99  - trying extension org.apache.servicecomb.swagger.extend.ModelResolverExt@44ba9f25
===2019-04-25 16:08:44.181 DEBUG io.swagger.jackson.ModelResolver Line:92  - Can't check class [simple type, class cn.medsci.pass.admin.dto.common.ObjectRestResponse], cn.medsci.pass.admin.dto.common.ObjectRestResponse
===2019-04-25 16:08:44.181 DEBUG io.swagger.converter.ModelConverterContextImpl Line:93  - resolve class cn.medsci.pass.admin.dto.common.ObjectRestResponse
===2019-04-25 16:08:44.181 DEBUG io.swagger.converter.ModelConverterContextImpl Line:99  - trying extension org.apache.servicecomb.swagger.extend.ModelResolverExt@44ba9f25
===2019-04-25 16:08:44.181 DEBUG io.swagger.converter.ModelConverterContextImpl Line:55  - defineModel ObjectRestResponse io.swagger.models.ModelImpl@b7fa7dd2
===2019-04-25 16:08:44.181 DEBUG io.swagger.converter.ModelConverterContextImpl Line:75  - resolveProperty [simple type, class int]
===2019-04-25 16:08:44.181 DEBUG io.swagger.jackson.ModelResolver Line:92  - Can't check class [simple type, class int], int
===2019-04-25 16:08:44.181 DEBUG io.swagger.jackson.ModelResolver Line:117 - resolveProperty [simple type, class int]
===2019-04-25 16:08:44.182 DEBUG io.swagger.converter.ModelConverterContextImpl Line:75  - resolveProperty [simple type, class java.lang.String]
===2019-04-25 16:08:44.182 DEBUG io.swagger.jackson.ModelResolver Line:92  - Can't check class [simple type, class java.lang.String], java.lang.String
===2019-04-25 16:08:44.182 DEBUG io.swagger.jackson.ModelResolver Line:117 - resolveProperty [simple type, class java.lang.String]
===2019-04-25 16:08:44.182 DEBUG io.swagger.converter.ModelConverterContextImpl Line:75  - resolveProperty [simple type, class java.lang.Object]
===2019-04-25 16:08:44.182 DEBUG io.swagger.jackson.ModelResolver Line:92  - Can't check class [simple type, class java.lang.Object], java.lang.Object
===2019-04-25 16:08:44.182 DEBUG io.swagger.jackson.ModelResolver Line:117 - resolveProperty [simple type, class java.lang.Object]
===2019-04-25 16:08:44.182 DEBUG io.swagger.converter.ModelConverterContextImpl Line:55  - defineModel ObjectRestResponse io.swagger.models.ModelImpl@706370d0
===2019-04-25 16:08:44.489 DEBUG org.apache.servicecomb.serviceregistry.client.http.ServiceRegistryClientImpl Line:402 - register microservice: {"service":{"serviceId":null,"framework":{"name":"servicecomb-java-chassis","version":"ServiceComb:1.0.0-m2"},"registerBy":"SDK","environment":"testing","appId":"medsci-paas","serviceName":"paas-admin-api-edc-zxm1","alias":"medsci-paas:paas-admin-api-edc-zxm1","version":"5.0.0","description":null,"level":"FRONT","schemas":["baseUserLog","saasUserLog","ProjectUser","BaseUser","User","saasProjectCenterUser","hostProductRoles","HostProject","checkCode","saasRoleMenu","HostProduct","Project","Tenant","HostContract","saasCenter","saasProjectCenter","saasMenu","saasProjectRole"],"paths":[{"path":"/BaseUser","property":{"checksession":"false"}},{"path":"/baseUserLog","property":{"checksession":"false"}},{"path":"/checkCode","property":{"checksession":"false"}},{"path":"/HostContract","property":{"checksession":"false"}},{"path":"/HostProduct","property":{"checksession":"false"}},{"path":"/hostProductRoles","property":{"checksession":"false"}},{"path":"/HostProject","property":{"checksession":"false"}},{"path":"/Project","property":{"checksession":"false"}},{"path":"/saasCenter","property":{"checksession":"false"}},{"path":"/saasMenu","property":{"checksession":"false"}},{"path":"/saasProjectCenter","property":{"checksession":"false"}},{"path":"/saasProjectCenterUser","property":{"checksession":"false"}},{"path":"/saasProjectRole","property":{"checksession":"false"}},{"path":"/saasRoleMenu","property":{"checksession":"false"}},{"path":"/saasUserLog","property":{"checksession":"false"}},{"path":"/ProjectUser","property":{"checksession":"false"}},{"path":"/Tenant","property":{"checksession":"false"}},{"path":"/User","property":{"checksession":"false"}}],"status":"UP","properties":{"allowCrossApp":"true"},"intance":{"instanceId":null,"serviceId":null,"endpoints":["rest://192.168.6.118:9696"],"hostName":null,"status":"UP","properties":{},"healthCheck":{"mode":"push","port":0,"interval":0,"times":0,"ttl":0},"environment":"production","stage":"prod","dataCenterInfo":null}}}
===2019-04-25 16:08:44.958 DEBUG org.apache.servicecomb.serviceregistry.client.http.ServiceRegistryClientImpl Line:456 - register microservice: {"instance":{"instanceId":null,"serviceId":"584d848d673111e9af2f00e081ba3ef7","endpoints":["rest://192.168.6.118:9696"],"hostName":"M-SJ078","status":"UP","properties":{},"healthCheck":{"mode":"push","port":0,"interval":30,"times":3,"ttl":120},"environment":"production","stage":"prod","dataCenterInfo":null}}
===2019-04-25 16:08:45.030 DEBUG io.vertx.core.http.impl.ClientConnection Line:247 - WebSocket handshake complete
===2019-04-25 16:08:45.032 DEBUG org.apache.servicecomb.serviceregistry.registry.AbstractServiceRegistry Line:249 - instances revision is not changed, service=default/SERVICECENTER/0.0.0+
===2019-04-25 16:09:15.021 DEBUG org.apache.servicecomb.serviceregistry.registry.AbstractServiceRegistry Line:249 - instances revision is not changed, service=default/SERVICECENTER/0.0.0+
===2019-04-25 16:09:45.020 DEBUG org.apache.servicecomb.serviceregistry.registry.AbstractServiceRegistry Line:249 - instances revision is not changed, service=default/SERVICECENTER/0.0.0+
===2019-04-25 16:10:15.022 DEBUG org.apache.servicecomb.serviceregistry.registry.AbstractServiceRegistry Line:249 - instances revision is not changed, service=default/SERVICECENTER/0.0.0+
===2019-04-25 16:10:45.024 DEBUG org.apache.servicecomb.serviceregistry.registry.AbstractServiceRegistry Line:249 - instances revision is not changed, service=default/SERVICECENTER/0.0.0+
===2019-04-25 16:11:15.026 DEBUG org.apache.servicecomb.serviceregistry.registry.AbstractServiceRegistry Line:249 - instances revision is not changed, service=default/SERVICECENTER/0.0.0+
===2019-04-25 16:11:45.030 DEBUG org.apache.servicecomb.serviceregistry.registry.AbstractServiceRegistry Line:249 - instances revision is not changed, service=default/SERVICECENTER/0.0.0+
===2019-04-25 16:12:14.967 DEBUG org.apache.servicecomb.serviceregistry.registry.AbstractServiceRegistry Line:249 - instances revision is not changed, service=default/SERVICECENTER/0.0.0+
===2019-04-25 16:12:44.967 DEBUG org.apache.servicecomb.serviceregistry.registry.AbstractServiceRegistry Line:249 - instances revision is not changed, service=default/SERVICECENTER/0.0.0+
===2019-04-25 16:13:14.966 DEBUG org.apache.servicecomb.serviceregistry.registry.AbstractServiceRegistry Line:249 - instances revision is not changed, service=default/SERVICECENTER/0.0.0+
===2019-04-25 16:13:44.964 DEBUG org.apache.servicecomb.serviceregistry.registry.AbstractServiceRegistry Line:249 - instances revision is not changed, service=default/SERVICECENTER/0.0.0+
===2019-04-25 16:14:14.963 DEBUG org.apache.servicecomb.serviceregistry.registry.AbstractServiceRegistry Line:249 - instances revision is not changed, service=default/SERVICECENTER/0.0.0+
===2019-04-25 16:14:44.962 DEBUG org.apache.servicecomb.serviceregistry.registry.AbstractServiceRegistry Line:249 - instances revision is not changed, service=default/SERVICECENTER/0.0.0+
===2019-04-25 16:15:14.960 DEBUG org.apache.servicecomb.serviceregistry.registry.AbstractServiceRegistry Line:249 - instances revision is not changed, service=default/SERVICECENTER/0.0.0+
===2019-04-25 16:15:44.960 DEBUG org.apache.servicecomb.serviceregistry.registry.AbstractServiceRegistry Line:249 - instances revision is not changed, service=default/SERVICECENTER/0.0.0+
===2019-04-25 16:16:14.958 DEBUG org.apache.servicecomb.serviceregistry.registry.AbstractServiceRegistry Line:249 - instances revision is not changed, service=default/SERVICECENTER/0.0.0+
===2019-04-25 16:16:44.958 DEBUG org.apache.servicecomb.serviceregistry.registry.AbstractServiceRegistry Line:249 - instances revision is not changed, service=default/SERVICECENTER/0.0.0+
===2019-04-25 16:17:14.957 DEBUG org.apache.servicecomb.serviceregistry.registry.AbstractServiceRegistry Line:249 - instances revision is not changed, service=default/SERVICECENTER/0.0.0+
===2019-04-25 16:17:44.955 DEBUG org.apache.servicecomb.serviceregistry.registry.AbstractServiceRegistry Line:249 - instances revision is not changed, service=default/SERVICECENTER/0.0.0+
===2019-04-25 16:18:14.955 DEBUG org.apache.servicecomb.serviceregistry.registry.AbstractServiceRegistry Line:249 - instances revision is not changed, service=default/SERVICECENTER/0.0.0+
===2019-04-25 16:18:44.954 DEBUG org.apache.servicecomb.serviceregistry.registry.AbstractServiceRegistry Line:249 - instances revision is not changed, service=default/SERVICECENTER/0.0.0+
===2019-04-25 16:19:14.952 DEBUG org.apache.servicecomb.serviceregistry.registry.AbstractServiceRegistry Line:249 - instances revision is not changed, service=default/SERVICECENTER/0.0.0+
===2019-04-25 16:19:44.951 DEBUG org.apache.servicecomb.serviceregistry.registry.AbstractServiceRegistry Line:249 - instances revision is not changed, service=default/SERVICECENTER/0.0.0+
===2019-04-25 16:20:14.950 DEBUG org.apache.servicecomb.serviceregistry.registry.AbstractServiceRegistry Line:249 - instances revision is not changed, service=default/SERVICECENTER/0.0.0+
===2019-04-25 16:20:44.949 DEBUG org.apache.servicecomb.serviceregistry.registry.AbstractServiceRegistry Line:249 - instances revision is not changed, service=default/SERVICECENTER/0.0.0+
===2019-04-25 16:21:14.947 DEBUG org.apache.servicecomb.serviceregistry.registry.AbstractServiceRegistry Line:249 - instances revision is not changed, service=default/SERVICECENTER/0.0.0+
===2019-04-25 16:21:44.946 DEBUG org.apache.servicecomb.serviceregistry.registry.AbstractServiceRegistry Line:249 - instances revision is not changed, service=default/SERVICECENTER/0.0.0+
===2019-04-25 16:22:14.945 DEBUG org.apache.servicecomb.serviceregistry.registry.AbstractServiceRegistry Line:249 - instances revision is not changed, service=default/SERVICECENTER/0.0.0+
===2019-04-25 16:22:44.945 DEBUG org.apache.servicecomb.serviceregistry.registry.AbstractServiceRegistry Line:249 - instances revision is not changed, service=default/SERVICECENTER/0.0.0+
===2019-04-25 16:23:14.942 DEBUG org.apache.servicecomb.serviceregistry.registry.AbstractServiceRegistry Line:249 - instances revision is not changed, service=default/SERVICECENTER/0.0.0+
===2019-04-25 16:23:44.942 DEBUG org.apache.servicecomb.serviceregistry.registry.AbstractServiceRegistry Line:249 - instances revision is not changed, service=default/SERVICECENTER/0.0.0+
===2019-04-25 16:24:14.939 DEBUG org.apache.servicecomb.serviceregistry.registry.AbstractServiceRegistry Line:249 - instances revision is not changed, service=default/SERVICECENTER/0.0.0+
===2019-04-25 16:24:44.940 DEBUG org.apache.servicecomb.serviceregistry.registry.AbstractServiceRegistry Line:249 - instances revision is not changed, service=default/SERVICECENTER/0.0.0+
===2019-04-25 16:25:14.939 DEBUG org.apache.servicecomb.serviceregistry.registry.AbstractServiceRegistry Line:249 - instances revision is not changed, service=default/SERVICECENTER/0.0.0+
===2019-04-25 16:25:44.937 DEBUG org.apache.servicecomb.serviceregistry.registry.AbstractServiceRegistry Line:249 - instances revision is not changed, service=default/SERVICECENTER/0.0.0+
===2019-04-25 16:26:14.935 DEBUG org.apache.servicecomb.serviceregistry.registry.AbstractServiceRegistry Line:249 - instances revision is not changed, service=default/SERVICECENTER/0.0.0+
===2019-04-25 16:26:44.936 DEBUG org.apache.servicecomb.serviceregistry.registry.AbstractServiceRegistry Line:249 - instances revision is not changed, service=default/SERVICECENTER/0.0.0+
===2019-04-25 16:27:14.935 DEBUG org.apache.servicecomb.serviceregistry.registry.AbstractServiceRegistry Line:249 - instances revision is not changed, service=default/SERVICECENTER/0.0.0+
===2019-04-25 16:27:44.934 DEBUG org.apache.servicecomb.serviceregistry.registry.AbstractServiceRegistry Line:249 - instances revision is not changed, service=default/SERVICECENTER/0.0.0+
===2019-04-25 16:28:14.932 DEBUG org.apache.servicecomb.serviceregistry.registry.AbstractServiceRegistry Line:249 - instances revision is not changed, service=default/SERVICECENTER/0.0.0+
===2019-04-25 16:28:44.931 DEBUG org.apache.servicecomb.serviceregistry.registry.AbstractServiceRegistry Line:249 - instances revision is not changed, service=default/SERVICECENTER/0.0.0+
===2019-04-25 16:29:14.992 DEBUG org.apache.servicecomb.serviceregistry.registry.AbstractServiceRegistry Line:249 - instances revision is not changed, service=default/SERVICECENTER/0.0.0+
===2019-04-25 16:29:44.995 DEBUG org.apache.servicecomb.serviceregistry.registry.AbstractServiceRegistry Line:249 - instances revision is not changed, service=default/SERVICECENTER/0.0.0+
===2019-04-25 16:30:14.994 DEBUG org.apache.servicecomb.serviceregistry.registry.AbstractServiceRegistry Line:249 - instances revision is not changed, service=default/SERVICECENTER/0.0.0+
===2019-04-25 16:30:44.996 DEBUG org.apache.servicecomb.serviceregistry.registry.AbstractServiceRegistry Line:249 - instances revision is not changed, service=default/SERVICECENTER/0.0.0+
===2019-04-25 16:31:14.999 DEBUG org.apache.servicecomb.serviceregistry.registry.AbstractServiceRegistry Line:249 - instances revision is not changed, service=default/SERVICECENTER/0.0.0+
===2019-04-25 16:31:45.001 DEBUG org.apache.servicecomb.serviceregistry.registry.AbstractServiceRegistry Line:249 - instances revision is not changed, service=default/SERVICECENTER/0.0.0+
===2019-04-25 16:32:15.003 DEBUG org.apache.servicecomb.serviceregistry.registry.AbstractServiceRegistry Line:249 - instances revision is not changed, service=default/SERVICECENTER/0.0.0+
===2019-04-25 16:32:45.005 DEBUG org.apache.servicecomb.serviceregistry.registry.AbstractServiceRegistry Line:249 - instances revision is not changed, service=default/SERVICECENTER/0.0.0+
===2019-04-25 16:33:15.008 DEBUG org.apache.servicecomb.serviceregistry.registry.AbstractServiceRegistry Line:249 - instances revision is not changed, service=default/SERVICECENTER/0.0.0+
===2019-04-25 16:33:45.009 DEBUG org.apache.servicecomb.serviceregistry.registry.AbstractServiceRegistry Line:249 - instances revision is not changed, service=default/SERVICECENTER/0.0.0+
===2019-04-25 16:34:15.011 DEBUG org.apache.servicecomb.serviceregistry.registry.AbstractServiceRegistry Line:249 - instances revision is not changed, service=default/SERVICECENTER/0.0.0+
===2019-04-25 16:34:45.011 DEBUG org.apache.servicecomb.serviceregistry.registry.AbstractServiceRegistry Line:249 - instances revision is not changed, service=default/SERVICECENTER/0.0.0+
===2019-04-25 16:35:15.013 DEBUG org.apache.servicecomb.serviceregistry.registry.AbstractServiceRegistry Line:249 - instances revision is not changed, service=default/SERVICECENTER/0.0.0+
===2019-04-25 16:35:45.015 DEBUG org.apache.servicecomb.serviceregistry.registry.AbstractServiceRegistry Line:249 - instances revision is not changed, service=default/SERVICECENTER/0.0.0+
===2019-04-25 16:36:15.017 DEBUG org.apache.servicecomb.serviceregistry.registry.AbstractServiceRegistry Line:249 - instances revision is not changed, service=default/SERVICECENTER/0.0.0+
===2019-04-25 16:36:45.020 DEBUG org.apache.servicecomb.serviceregistry.registry.AbstractServiceRegistry Line:249 - instances revision is not changed, service=default/SERVICECENTER/0.0.0+
===2019-04-25 16:37:15.022 DEBUG org.apache.servicecomb.serviceregistry.registry.AbstractServiceRegistry Line:249 - instances revision is not changed, service=default/SERVICECENTER/0.0.0+
===2019-04-25 16:37:45.023 DEBUG org.apache.servicecomb.serviceregistry.registry.AbstractServiceRegistry Line:249 - instances revision is not changed, service=default/SERVICECENTER/0.0.0+
===2019-04-25 16:38:15.026 DEBUG org.apache.servicecomb.serviceregistry.registry.AbstractServiceRegistry Line:249 - instances revision is not changed, service=default/SERVICECENTER/0.0.0+
===2019-04-25 16:38:45.028 DEBUG org.apache.servicecomb.serviceregistry.registry.AbstractServiceRegistry Line:249 - instances revision is not changed, service=default/SERVICECENTER/0.0.0+
===2019-04-25 16:39:15.028 DEBUG org.apache.servicecomb.serviceregistry.registry.AbstractServiceRegistry Line:249 - instances revision is not changed, service=default/SERVICECENTER/0.0.0+
===2019-04-25 16:39:45.033 DEBUG org.apache.servicecomb.serviceregistry.registry.AbstractServiceRegistry Line:249 - instances revision is not changed, service=default/SERVICECENTER/0.0.0+
===2019-04-25 16:40:15.032 DEBUG org.apache.servicecomb.serviceregistry.registry.AbstractServiceRegistry Line:249 - instances revision is not changed, service=default/SERVICECENTER/0.0.0+
===2019-04-25 16:40:45.034 DEBUG org.apache.servicecomb.serviceregistry.registry.AbstractServiceRegistry Line:249 - instances revision is not changed, service=default/SERVICECENTER/0.0.0+
===2019-04-25 16:41:15.037 DEBUG org.apache.servicecomb.serviceregistry.registry.AbstractServiceRegistry Line:249 - instances revision is not changed, service=default/SERVICECENTER/0.0.0+
===2019-04-25 16:41:45.039 DEBUG org.apache.servicecomb.serviceregistry.registry.AbstractServiceRegistry Line:249 - instances revision is not changed, service=default/SERVICECENTER/0.0.0+
===2019-04-25 16:42:15.041 DEBUG org.apache.servicecomb.serviceregistry.registry.AbstractServiceRegistry Line:249 - instances revision is not changed, service=default/SERVICECENTER/0.0.0+
===2019-04-25 16:42:45.043 DEBUG org.apache.servicecomb.serviceregistry.registry.AbstractServiceRegistry Line:249 - instances revision is not changed, service=default/SERVICECENTER/0.0.0+
===2019-04-25 16:43:15.045 DEBUG org.apache.servicecomb.serviceregistry.registry.AbstractServiceRegistry Line:249 - instances revision is not changed, service=default/SERVICECENTER/0.0.0+
===2019-04-25 16:43:45.046 DEBUG org.apache.servicecomb.serviceregistry.registry.AbstractServiceRegistry Line:249 - instances revision is not changed, service=default/SERVICECENTER/0.0.0+
===2019-04-25 16:44:15.050 DEBUG org.apache.servicecomb.serviceregistry.registry.AbstractServiceRegistry Line:249 - instances revision is not changed, service=default/SERVICECENTER/0.0.0+
===2019-04-25 16:44:45.051 DEBUG org.apache.servicecomb.serviceregistry.registry.AbstractServiceRegistry Line:249 - instances revision is not changed, service=default/SERVICECENTER/0.0.0+
===2019-04-25 16:45:15.053 DEBUG org.apache.servicecomb.serviceregistry.registry.AbstractServiceRegistry Line:249 - instances revision is not changed, service=default/SERVICECENTER/0.0.0+
===2019-04-25 16:45:45.055 DEBUG org.apache.servicecomb.serviceregistry.registry.AbstractServiceRegistry Line:249 - instances revision is not changed, service=default/SERVICECENTER/0.0.0+
===2019-04-25 16:46:15.035 DEBUG org.apache.servicecomb.serviceregistry.registry.AbstractServiceRegistry Line:249 - instances revision is not changed, service=default/SERVICECENTER/0.0.0+
===2019-04-25 16:46:45.035 DEBUG org.apache.servicecomb.serviceregistry.registry.AbstractServiceRegistry Line:249 - instances revision is not changed, service=default/SERVICECENTER/0.0.0+
===2019-04-25 16:47:15.037 DEBUG org.apache.servicecomb.serviceregistry.registry.AbstractServiceRegistry Line:249 - instances revision is not changed, service=default/SERVICECENTER/0.0.0+
===2019-04-25 16:47:45.039 DEBUG org.apache.servicecomb.serviceregistry.registry.AbstractServiceRegistry Line:249 - instances revision is not changed, service=default/SERVICECENTER/0.0.0+
===2019-04-25 16:48:15.040 DEBUG org.apache.servicecomb.serviceregistry.registry.AbstractServiceRegistry Line:249 - instances revision is not changed, service=default/SERVICECENTER/0.0.0+
===2019-04-25 16:48:45.042 DEBUG org.apache.servicecomb.serviceregistry.registry.AbstractServiceRegistry Line:249 - instances revision is not changed, service=default/SERVICECENTER/0.0.0+
===2019-04-25 16:49:15.043 DEBUG org.apache.servicecomb.serviceregistry.registry.AbstractServiceRegistry Line:249 - instances revision is not changed, service=default/SERVICECENTER/0.0.0+
===2019-04-25 16:49:45.046 DEBUG org.apache.servicecomb.serviceregistry.registry.AbstractServiceRegistry Line:249 - instances revision is not changed, service=default/SERVICECENTER/0.0.0+
===2019-04-25 16:50:15.048 DEBUG org.apache.servicecomb.serviceregistry.registry.AbstractServiceRegistry Line:249 - instances revision is not changed, service=default/SERVICECENTER/0.0.0+
===2019-04-25 16:50:45.050 DEBUG org.apache.servicecomb.serviceregistry.registry.AbstractServiceRegistry Line:249 - instances revision is not changed, service=default/SERVICECENTER/0.0.0+
===2019-04-25 16:51:15.052 DEBUG org.apache.servicecomb.serviceregistry.registry.AbstractServiceRegistry Line:249 - instances revision is not changed, service=default/SERVICECENTER/0.0.0+
===2019-04-25 16:51:45.054 DEBUG org.apache.servicecomb.serviceregistry.registry.AbstractServiceRegistry Line:249 - instances revision is not changed, service=default/SERVICECENTER/0.0.0+
===2019-04-25 16:52:15.055 DEBUG org.apache.servicecomb.serviceregistry.registry.AbstractServiceRegistry Line:249 - instances revision is not changed, service=default/SERVICECENTER/0.0.0+
===2019-04-25 16:52:45.058 DEBUG org.apache.servicecomb.serviceregistry.registry.AbstractServiceRegistry Line:249 - instances revision is not changed, service=default/SERVICECENTER/0.0.0+
===2019-04-25 16:53:15.060 DEBUG org.apache.servicecomb.serviceregistry.registry.AbstractServiceRegistry Line:249 - instances revision is not changed, service=default/SERVICECENTER/0.0.0+
===2019-04-25 16:53:45.062 DEBUG org.apache.servicecomb.serviceregistry.registry.AbstractServiceRegistry Line:249 - instances revision is not changed, service=default/SERVICECENTER/0.0.0+
===2019-04-25 16:54:15.062 DEBUG org.apache.servicecomb.serviceregistry.registry.AbstractServiceRegistry Line:249 - instances revision is not changed, service=default/SERVICECENTER/0.0.0+
===2019-04-25 16:54:45.067 DEBUG org.apache.servicecomb.serviceregistry.registry.AbstractServiceRegistry Line:249 - instances revision is not changed, service=default/SERVICECENTER/0.0.0+
===2019-04-25 16:55:15.067 DEBUG org.apache.servicecomb.serviceregistry.registry.AbstractServiceRegistry Line:249 - instances revision is not changed, service=default/SERVICECENTER/0.0.0+
===2019-04-25 16:55:45.069 DEBUG org.apache.servicecomb.serviceregistry.registry.AbstractServiceRegistry Line:249 - instances revision is not changed, service=default/SERVICECENTER/0.0.0+
===2019-04-25 16:56:15.071 DEBUG org.apache.servicecomb.serviceregistry.registry.AbstractServiceRegistry Line:249 - instances revision is not changed, service=default/SERVICECENTER/0.0.0+
===2019-04-25 16:56:45.073 DEBUG org.apache.servicecomb.serviceregistry.registry.AbstractServiceRegistry Line:249 - instances revision is not changed, service=default/SERVICECENTER/0.0.0+
===2019-04-25 16:57:15.074 DEBUG org.apache.servicecomb.serviceregistry.registry.AbstractServiceRegistry Line:249 - instances revision is not changed, service=default/SERVICECENTER/0.0.0+
===2019-04-25 16:57:45.077 DEBUG org.apache.servicecomb.serviceregistry.registry.AbstractServiceRegistry Line:249 - instances revision is not changed, service=default/SERVICECENTER/0.0.0+
===2019-04-25 16:58:15.078 DEBUG org.apache.servicecomb.serviceregistry.registry.AbstractServiceRegistry Line:249 - instances revision is not changed, service=default/SERVICECENTER/0.0.0+
===2019-04-25 16:58:45.081 DEBUG org.apache.servicecomb.serviceregistry.registry.AbstractServiceRegistry Line:249 - instances revision is not changed, service=default/SERVICECENTER/0.0.0+
===2019-04-25 16:59:15.082 DEBUG org.apache.servicecomb.serviceregistry.registry.AbstractServiceRegistry Line:249 - instances revision is not changed, service=default/SERVICECENTER/0.0.0+
===2019-04-25 16:59:45.085 DEBUG org.apache.servicecomb.serviceregistry.registry.AbstractServiceRegistry Line:249 - instances revision is not changed, service=default/SERVICECENTER/0.0.0+
===2019-04-25 17:00:15.086 DEBUG org.apache.servicecomb.serviceregistry.registry.AbstractServiceRegistry Line:249 - instances revision is not changed, service=default/SERVICECENTER/0.0.0+
===2019-04-25 17:00:45.089 DEBUG org.apache.servicecomb.serviceregistry.registry.AbstractServiceRegistry Line:249 - instances revision is not changed, service=default/SERVICECENTER/0.0.0+
===2019-04-25 17:01:15.091 DEBUG org.apache.servicecomb.serviceregistry.registry.AbstractServiceRegistry Line:249 - instances revision is not changed, service=default/SERVICECENTER/0.0.0+
===2019-04-25 17:01:45.092 DEBUG org.apache.servicecomb.serviceregistry.registry.AbstractServiceRegistry Line:249 - instances revision is not changed, service=default/SERVICECENTER/0.0.0+
===2019-04-25 17:02:15.094 DEBUG org.apache.servicecomb.serviceregistry.registry.AbstractServiceRegistry Line:249 - instances revision is not changed, service=default/SERVICECENTER/0.0.0+
===2019-04-25 17:02:45.096 DEBUG org.apache.servicecomb.serviceregistry.registry.AbstractServiceRegistry Line:249 - instances revision is not changed, service=default/SERVICECENTER/0.0.0+
===2019-04-25 17:03:15.098 DEBUG org.apache.servicecomb.serviceregistry.registry.AbstractServiceRegistry Line:249 - instances revision is not changed, service=default/SERVICECENTER/0.0.0+
===2019-04-25 17:03:45.039 DEBUG org.apache.servicecomb.serviceregistry.registry.AbstractServiceRegistry Line:249 - instances revision is not changed, service=default/SERVICECENTER/0.0.0+
===2019-04-25 17:04:15.037 DEBUG org.apache.servicecomb.serviceregistry.registry.AbstractServiceRegistry Line:249 - instances revision is not changed, service=default/SERVICECENTER/0.0.0+
===2019-04-25 17:04:45.037 DEBUG org.apache.servicecomb.serviceregistry.registry.AbstractServiceRegistry Line:249 - instances revision is not changed, service=default/SERVICECENTER/0.0.0+
===2019-04-25 17:05:15.035 DEBUG org.apache.servicecomb.serviceregistry.registry.AbstractServiceRegistry Line:249 - instances revision is not changed, service=default/SERVICECENTER/0.0.0+
===2019-04-25 17:05:45.035 DEBUG org.apache.servicecomb.serviceregistry.registry.AbstractServiceRegistry Line:249 - instances revision is not changed, service=default/SERVICECENTER/0.0.0+
===2019-04-25 17:06:15.034 DEBUG org.apache.servicecomb.serviceregistry.registry.AbstractServiceRegistry Line:249 - instances revision is not changed, service=default/SERVICECENTER/0.0.0+
===2019-04-25 17:06:45.032 DEBUG org.apache.servicecomb.serviceregistry.registry.AbstractServiceRegistry Line:249 - instances revision is not changed, service=default/SERVICECENTER/0.0.0+
===2019-04-25 17:07:15.031 DEBUG org.apache.servicecomb.serviceregistry.registry.AbstractServiceRegistry Line:249 - instances revision is not changed, service=default/SERVICECENTER/0.0.0+
===2019-04-25 17:07:45.030 DEBUG org.apache.servicecomb.serviceregistry.registry.AbstractServiceRegistry Line:249 - instances revision is not changed, service=default/SERVICECENTER/0.0.0+
===2019-04-25 17:08:15.029 DEBUG org.apache.servicecomb.serviceregistry.registry.AbstractServiceRegistry Line:249 - instances revision is not changed, service=default/SERVICECENTER/0.0.0+
===2019-04-25 17:08:45.028 DEBUG org.apache.servicecomb.serviceregistry.registry.AbstractServiceRegistry Line:249 - instances revision is not changed, service=default/SERVICECENTER/0.0.0+
===2019-04-25 17:09:15.027 DEBUG org.apache.servicecomb.serviceregistry.registry.AbstractServiceRegistry Line:249 - instances revision is not changed, service=default/SERVICECENTER/0.0.0+
===2019-04-25 17:09:45.026 DEBUG org.apache.servicecomb.serviceregistry.registry.AbstractServiceRegistry Line:249 - instances revision is not changed, service=default/SERVICECENTER/0.0.0+
===2019-04-25 17:10:15.025 DEBUG org.apache.servicecomb.serviceregistry.registry.AbstractServiceRegistry Line:249 - instances revision is not changed, service=default/SERVICECENTER/0.0.0+
===2019-04-25 17:10:45.023 DEBUG org.apache.servicecomb.serviceregistry.registry.AbstractServiceRegistry Line:249 - instances revision is not changed, service=default/SERVICECENTER/0.0.0+
===2019-04-25 17:11:15.023 DEBUG org.apache.servicecomb.serviceregistry.registry.AbstractServiceRegistry Line:249 - instances revision is not changed, service=default/SERVICECENTER/0.0.0+
===2019-04-25 17:11:45.022 DEBUG org.apache.servicecomb.serviceregistry.registry.AbstractServiceRegistry Line:249 - instances revision is not changed, service=default/SERVICECENTER/0.0.0+
===2019-04-25 17:12:15.021 DEBUG org.apache.servicecomb.serviceregistry.registry.AbstractServiceRegistry Line:249 - instances revision is not changed, service=default/SERVICECENTER/0.0.0+
===2019-04-25 17:12:45.020 DEBUG org.apache.servicecomb.serviceregistry.registry.AbstractServiceRegistry Line:249 - instances revision is not changed, service=default/SERVICECENTER/0.0.0+
===2019-04-25 17:13:15.018 DEBUG org.apache.servicecomb.serviceregistry.registry.AbstractServiceRegistry Line:249 - instances revision is not changed, service=default/SERVICECENTER/0.0.0+
===2019-04-25 17:13:45.018 DEBUG org.apache.servicecomb.serviceregistry.registry.AbstractServiceRegistry Line:249 - instances revision is not changed, service=default/SERVICECENTER/0.0.0+
===2019-04-25 17:14:15.015 DEBUG org.apache.servicecomb.serviceregistry.registry.AbstractServiceRegistry Line:249 - instances revision is not changed, service=default/SERVICECENTER/0.0.0+
===2019-04-25 17:14:45.016 DEBUG org.apache.servicecomb.serviceregistry.registry.AbstractServiceRegistry Line:249 - instances revision is not changed, service=default/SERVICECENTER/0.0.0+
===2019-04-25 17:15:15.014 DEBUG org.apache.servicecomb.serviceregistry.registry.AbstractServiceRegistry Line:249 - instances revision is not changed, service=default/SERVICECENTER/0.0.0+
===2019-04-25 17:15:45.013 DEBUG org.apache.servicecomb.serviceregistry.registry.AbstractServiceRegistry Line:249 - instances revision is not changed, service=default/SERVICECENTER/0.0.0+
===2019-04-25 17:16:15.012 DEBUG org.apache.servicecomb.serviceregistry.registry.AbstractServiceRegistry Line:249 - instances revision is not changed, service=default/SERVICECENTER/0.0.0+
===2019-04-25 17:16:45.010 DEBUG org.apache.servicecomb.serviceregistry.registry.AbstractServiceRegistry Line:249 - instances revision is not changed, service=default/SERVICECENTER/0.0.0+
===2019-04-25 17:17:15.010 DEBUG org.apache.servicecomb.serviceregistry.registry.AbstractServiceRegistry Line:249 - instances revision is not changed, service=default/SERVICECENTER/0.0.0+
===2019-04-25 17:17:45.008 DEBUG org.apache.servicecomb.serviceregistry.registry.AbstractServiceRegistry Line:249 - instances revision is not changed, service=default/SERVICECENTER/0.0.0+
===2019-04-25 17:18:15.007 DEBUG org.apache.servicecomb.serviceregistry.registry.AbstractServiceRegistry Line:249 - instances revision is not changed, service=default/SERVICECENTER/0.0.0+
===2019-04-25 17:18:45.007 DEBUG org.apache.servicecomb.serviceregistry.registry.AbstractServiceRegistry Line:249 - instances revision is not changed, service=default/SERVICECENTER/0.0.0+
===2019-04-25 17:19:15.006 DEBUG org.apache.servicecomb.serviceregistry.registry.AbstractServiceRegistry Line:249 - instances revision is not changed, service=default/SERVICECENTER/0.0.0+
===2019-04-25 17:19:45.004 DEBUG org.apache.servicecomb.serviceregistry.registry.AbstractServiceRegistry Line:249 - instances revision is not changed, service=default/SERVICECENTER/0.0.0+
===2019-04-25 17:20:15.004 DEBUG org.apache.servicecomb.serviceregistry.registry.AbstractServiceRegistry Line:249 - instances revision is not changed, service=default/SERVICECENTER/0.0.0+
===2019-04-25 17:20:45.046 DEBUG org.apache.servicecomb.serviceregistry.registry.AbstractServiceRegistry Line:249 - instances revision is not changed, service=default/SERVICECENTER/0.0.0+
===2019-04-25 17:21:15.048 DEBUG org.apache.servicecomb.serviceregistry.registry.AbstractServiceRegistry Line:249 - instances revision is not changed, service=default/SERVICECENTER/0.0.0+
===2019-04-25 17:21:45.050 DEBUG org.apache.servicecomb.serviceregistry.registry.AbstractServiceRegistry Line:249 - instances revision is not changed, service=default/SERVICECENTER/0.0.0+
===2019-04-25 17:22:15.052 DEBUG org.apache.servicecomb.serviceregistry.registry.AbstractServiceRegistry Line:249 - instances revision is not changed, service=default/SERVICECENTER/0.0.0+
===2019-04-25 17:22:45.053 DEBUG org.apache.servicecomb.serviceregistry.registry.AbstractServiceRegistry Line:249 - instances revision is not changed, service=default/SERVICECENTER/0.0.0+
===2019-04-25 17:23:15.062 DEBUG org.apache.servicecomb.serviceregistry.registry.AbstractServiceRegistry Line:249 - instances revision is not changed, service=default/SERVICECENTER/0.0.0+
===2019-04-25 17:23:45.058 DEBUG org.apache.servicecomb.serviceregistry.registry.AbstractServiceRegistry Line:249 - instances revision is not changed, service=default/SERVICECENTER/0.0.0+
===2019-04-25 17:24:15.059 DEBUG org.apache.servicecomb.serviceregistry.registry.AbstractServiceRegistry Line:249 - instances revision is not changed, service=default/SERVICECENTER/0.0.0+
===2019-04-25 17:24:45.062 DEBUG org.apache.servicecomb.serviceregistry.registry.AbstractServiceRegistry Line:249 - instances revision is not changed, service=default/SERVICECENTER/0.0.0+
===2019-04-25 17:25:15.064 DEBUG org.apache.servicecomb.serviceregistry.registry.AbstractServiceRegistry Line:249 - instances revision is not changed, service=default/SERVICECENTER/0.0.0+
===2019-04-25 17:25:45.066 DEBUG org.apache.servicecomb.serviceregistry.registry.AbstractServiceRegistry Line:249 - instances revision is not changed, service=default/SERVICECENTER/0.0.0+
===2019-04-25 17:26:15.067 DEBUG org.apache.servicecomb.serviceregistry.registry.AbstractServiceRegistry Line:249 - instances revision is not changed, service=default/SERVICECENTER/0.0.0+
===2019-04-25 17:26:45.070 DEBUG org.apache.servicecomb.serviceregistry.registry.AbstractServiceRegistry Line:249 - instances revision is not changed, service=default/SERVICECENTER/0.0.0+
===2019-04-25 17:27:15.071 DEBUG org.apache.servicecomb.serviceregistry.registry.AbstractServiceRegistry Line:249 - instances revision is not changed, service=default/SERVICECENTER/0.0.0+
===2019-04-25 17:27:45.074 DEBUG org.apache.servicecomb.serviceregistry.registry.AbstractServiceRegistry Line:249 - instances revision is not changed, service=default/SERVICECENTER/0.0.0+
===2019-04-25 17:28:15.076 DEBUG org.apache.servicecomb.serviceregistry.registry.AbstractServiceRegistry Line:249 - instances revision is not changed, service=default/SERVICECENTER/0.0.0+
===2019-04-25 17:28:45.076 DEBUG org.apache.servicecomb.serviceregistry.registry.AbstractServiceRegistry Line:249 - instances revision is not changed, service=default/SERVICECENTER/0.0.0+
===2019-04-25 17:29:15.079 DEBUG org.apache.servicecomb.serviceregistry.registry.AbstractServiceRegistry Line:249 - instances revision is not changed, service=default/SERVICECENTER/0.0.0+
===2019-04-25 17:29:45.081 DEBUG org.apache.servicecomb.serviceregistry.registry.AbstractServiceRegistry Line:249 - instances revision is not changed, service=default/SERVICECENTER/0.0.0+
===2019-04-25 17:30:15.083 DEBUG org.apache.servicecomb.serviceregistry.registry.AbstractServiceRegistry Line:249 - instances revision is not changed, service=default/SERVICECENTER/0.0.0+
===2019-04-25 17:30:45.085 DEBUG org.apache.servicecomb.serviceregistry.registry.AbstractServiceRegistry Line:249 - instances revision is not changed, service=default/SERVICECENTER/0.0.0+
===2019-04-25 17:31:15.086 DEBUG org.apache.servicecomb.serviceregistry.registry.AbstractServiceRegistry Line:249 - instances revision is not changed, service=default/SERVICECENTER/0.0.0+
===2019-04-25 17:31:45.089 DEBUG org.apache.servicecomb.serviceregistry.registry.AbstractServiceRegistry Line:249 - instances revision is not changed, service=default/SERVICECENTER/0.0.0+
===2019-04-25 17:32:15.090 DEBUG org.apache.servicecomb.serviceregistry.registry.AbstractServiceRegistry Line:249 - instances revision is not changed, service=default/SERVICECENTER/0.0.0+
===2019-04-25 17:32:45.091 DEBUG org.apache.servicecomb.serviceregistry.registry.AbstractServiceRegistry Line:249 - instances revision is not changed, service=default/SERVICECENTER/0.0.0+
===2019-04-25 17:33:15.095 DEBUG org.apache.servicecomb.serviceregistry.registry.AbstractServiceRegistry Line:249 - instances revision is not changed, service=default/SERVICECENTER/0.0.0+
===2019-04-25 17:33:45.097 DEBUG org.apache.servicecomb.serviceregistry.registry.AbstractServiceRegistry Line:249 - instances revision is not changed, service=default/SERVICECENTER/0.0.0+
===2019-04-25 17:34:15.097 DEBUG org.apache.servicecomb.serviceregistry.registry.AbstractServiceRegistry Line:249 - instances revision is not changed, service=default/SERVICECENTER/0.0.0+
===2019-04-25 17:34:45.100 DEBUG org.apache.servicecomb.serviceregistry.registry.AbstractServiceRegistry Line:249 - instances revision is not changed, service=default/SERVICECENTER/0.0.0+
===2019-04-25 17:35:15.102 DEBUG org.apache.servicecomb.serviceregistry.registry.AbstractServiceRegistry Line:249 - instances revision is not changed, service=default/SERVICECENTER/0.0.0+
===2019-04-25 17:35:45.104 DEBUG org.apache.servicecomb.serviceregistry.registry.AbstractServiceRegistry Line:249 - instances revision is not changed, service=default/SERVICECENTER/0.0.0+
===2019-04-25 17:36:15.106 DEBUG org.apache.servicecomb.serviceregistry.registry.AbstractServiceRegistry Line:249 - instances revision is not changed, service=default/SERVICECENTER/0.0.0+
===2019-04-25 17:36:45.108 DEBUG org.apache.servicecomb.serviceregistry.registry.AbstractServiceRegistry Line:249 - instances revision is not changed, service=default/SERVICECENTER/0.0.0+
===2019-04-25 17:37:15.109 DEBUG org.apache.servicecomb.serviceregistry.registry.AbstractServiceRegistry Line:249 - instances revision is not changed, service=default/SERVICECENTER/0.0.0+
===2019-04-25 17:37:45.091 DEBUG org.apache.servicecomb.serviceregistry.registry.AbstractServiceRegistry Line:249 - instances revision is not changed, service=default/SERVICECENTER/0.0.0+
===2019-04-25 17:38:15.093 DEBUG org.apache.servicecomb.serviceregistry.registry.AbstractServiceRegistry Line:249 - instances revision is not changed, service=default/SERVICECENTER/0.0.0+
===2019-04-25 17:38:45.095 DEBUG org.apache.servicecomb.serviceregistry.registry.AbstractServiceRegistry Line:249 - instances revision is not changed, service=default/SERVICECENTER/0.0.0+
===2019-04-25 17:39:15.098 DEBUG org.apache.servicecomb.serviceregistry.registry.AbstractServiceRegistry Line:249 - instances revision is not changed, service=default/SERVICECENTER/0.0.0+
===2019-04-25 17:39:45.099 DEBUG org.apache.servicecomb.serviceregistry.registry.AbstractServiceRegistry Line:249 - instances revision is not changed, service=default/SERVICECENTER/0.0.0+
===2019-04-25 17:40:15.101 DEBUG org.apache.servicecomb.serviceregistry.registry.AbstractServiceRegistry Line:249 - instances revision is not changed, service=default/SERVICECENTER/0.0.0+
===2019-04-25 17:40:45.103 DEBUG org.apache.servicecomb.serviceregistry.registry.AbstractServiceRegistry Line:249 - instances revision is not changed, service=default/SERVICECENTER/0.0.0+
===2019-04-25 17:41:15.105 DEBUG org.apache.servicecomb.serviceregistry.registry.AbstractServiceRegistry Line:249 - instances revision is not changed, service=default/SERVICECENTER/0.0.0+
===2019-04-25 17:41:45.107 DEBUG org.apache.servicecomb.serviceregistry.registry.AbstractServiceRegistry Line:249 - instances revision is not changed, service=default/SERVICECENTER/0.0.0+
===2019-04-25 17:42:15.109 DEBUG org.apache.servicecomb.serviceregistry.registry.AbstractServiceRegistry Line:249 - instances revision is not changed, service=default/SERVICECENTER/0.0.0+
===2019-04-25 17:42:45.111 DEBUG org.apache.servicecomb.serviceregistry.registry.AbstractServiceRegistry Line:249 - instances revision is not changed, service=default/SERVICECENTER/0.0.0+
===2019-04-25 17:43:15.113 DEBUG org.apache.servicecomb.serviceregistry.registry.AbstractServiceRegistry Line:249 - instances revision is not changed, service=default/SERVICECENTER/0.0.0+
===2019-04-25 17:43:45.114 DEBUG org.apache.servicecomb.serviceregistry.registry.AbstractServiceRegistry Line:249 - instances revision is not changed, service=default/SERVICECENTER/0.0.0+
===2019-04-25 17:44:15.116 DEBUG org.apache.servicecomb.serviceregistry.registry.AbstractServiceRegistry Line:249 - instances revision is not changed, service=default/SERVICECENTER/0.0.0+
===2019-04-25 17:44:45.118 DEBUG org.apache.servicecomb.serviceregistry.registry.AbstractServiceRegistry Line:249 - instances revision is not changed, service=default/SERVICECENTER/0.0.0+
===2019-04-25 17:45:15.120 DEBUG org.apache.servicecomb.serviceregistry.registry.AbstractServiceRegistry Line:249 - instances revision is not changed, service=default/SERVICECENTER/0.0.0+
===2019-04-25 17:45:45.122 DEBUG org.apache.servicecomb.serviceregistry.registry.AbstractServiceRegistry Line:249 - instances revision is not changed, service=default/SERVICECENTER/0.0.0+
===2019-04-25 17:46:15.124 DEBUG org.apache.servicecomb.serviceregistry.registry.AbstractServiceRegistry Line:249 - instances revision is not changed, service=default/SERVICECENTER/0.0.0+
===2019-04-25 17:46:45.126 DEBUG org.apache.servicecomb.serviceregistry.registry.AbstractServiceRegistry Line:249 - instances revision is not changed, service=default/SERVICECENTER/0.0.0+
===2019-04-25 17:47:15.128 DEBUG org.apache.servicecomb.serviceregistry.registry.AbstractServiceRegistry Line:249 - instances revision is not changed, service=default/SERVICECENTER/0.0.0+
===2019-04-25 17:47:45.130 DEBUG org.apache.servicecomb.serviceregistry.registry.AbstractServiceRegistry Line:249 - instances revision is not changed, service=default/SERVICECENTER/0.0.0+
===2019-04-25 17:48:15.132 DEBUG org.apache.servicecomb.serviceregistry.registry.AbstractServiceRegistry Line:249 - instances revision is not changed, service=default/SERVICECENTER/0.0.0+
===2019-04-25 17:48:45.134 DEBUG org.apache.servicecomb.serviceregistry.registry.AbstractServiceRegistry Line:249 - instances revision is not changed, service=default/SERVICECENTER/0.0.0+
===2019-04-25 17:49:15.136 DEBUG org.apache.servicecomb.serviceregistry.registry.AbstractServiceRegistry Line:249 - instances revision is not changed, service=default/SERVICECENTER/0.0.0+
===2019-04-25 17:49:45.137 DEBUG org.apache.servicecomb.serviceregistry.registry.AbstractServiceRegistry Line:249 - instances revision is not changed, service=default/SERVICECENTER/0.0.0+
===2019-04-25 17:50:15.140 DEBUG org.apache.servicecomb.serviceregistry.registry.AbstractServiceRegistry Line:249 - instances revision is not changed, service=default/SERVICECENTER/0.0.0+
===2019-04-25 17:50:45.141 DEBUG org.apache.servicecomb.serviceregistry.registry.AbstractServiceRegistry Line:249 - instances revision is not changed, service=default/SERVICECENTER/0.0.0+
===2019-04-25 17:51:15.144 DEBUG org.apache.servicecomb.serviceregistry.registry.AbstractServiceRegistry Line:249 - instances revision is not changed, service=default/SERVICECENTER/0.0.0+
===2019-04-25 17:51:45.145 DEBUG org.apache.servicecomb.serviceregistry.registry.AbstractServiceRegistry Line:249 - instances revision is not changed, service=default/SERVICECENTER/0.0.0+
===2019-04-25 17:52:15.147 DEBUG org.apache.servicecomb.serviceregistry.registry.AbstractServiceRegistry Line:249 - instances revision is not changed, service=default/SERVICECENTER/0.0.0+
===2019-04-25 17:52:45.149 DEBUG org.apache.servicecomb.serviceregistry.registry.AbstractServiceRegistry Line:249 - instances revision is not changed, service=default/SERVICECENTER/0.0.0+
===2019-04-25 17:53:15.151 DEBUG org.apache.servicecomb.serviceregistry.registry.AbstractServiceRegistry Line:249 - instances revision is not changed, service=default/SERVICECENTER/0.0.0+
===2019-04-25 17:53:45.153 DEBUG org.apache.servicecomb.serviceregistry.registry.AbstractServiceRegistry Line:249 - instances revision is not changed, service=default/SERVICECENTER/0.0.0+
===2019-04-25 17:54:15.155 DEBUG org.apache.servicecomb.serviceregistry.registry.AbstractServiceRegistry Line:249 - instances revision is not changed, service=default/SERVICECENTER/0.0.0+
===2019-04-25 17:54:45.123 DEBUG org.apache.servicecomb.serviceregistry.registry.AbstractServiceRegistry Line:249 - instances revision is not changed, service=default/SERVICECENTER/0.0.0+
===2019-04-25 17:55:15.121 DEBUG org.apache.servicecomb.serviceregistry.registry.AbstractServiceRegistry Line:249 - instances revision is not changed, service=default/SERVICECENTER/0.0.0+
===2019-04-25 17:55:45.120 DEBUG org.apache.servicecomb.serviceregistry.registry.AbstractServiceRegistry Line:249 - instances revision is not changed, service=default/SERVICECENTER/0.0.0+
===2019-04-25 17:56:15.120 DEBUG org.apache.servicecomb.serviceregistry.registry.AbstractServiceRegistry Line:249 - instances revision is not changed, service=default/SERVICECENTER/0.0.0+
===2019-04-25 17:56:45.119 DEBUG org.apache.servicecomb.serviceregistry.registry.AbstractServiceRegistry Line:249 - instances revision is not changed, service=default/SERVICECENTER/0.0.0+
===2019-04-25 17:57:15.118 DEBUG org.apache.servicecomb.serviceregistry.registry.AbstractServiceRegistry Line:249 - instances revision is not changed, service=default/SERVICECENTER/0.0.0+
===2019-04-25 17:57:45.117 DEBUG org.apache.servicecomb.serviceregistry.registry.AbstractServiceRegistry Line:249 - instances revision is not changed, service=default/SERVICECENTER/0.0.0+
===2019-04-25 17:58:15.115 DEBUG org.apache.servicecomb.serviceregistry.registry.AbstractServiceRegistry Line:249 - instances revision is not changed, service=default/SERVICECENTER/0.0.0+
===2019-04-25 17:58:45.114 DEBUG org.apache.servicecomb.serviceregistry.registry.AbstractServiceRegistry Line:249 - instances revision is not changed, service=default/SERVICECENTER/0.0.0+
===2019-04-25 17:59:15.113 DEBUG org.apache.servicecomb.serviceregistry.registry.AbstractServiceRegistry Line:249 - instances revision is not changed, service=default/SERVICECENTER/0.0.0+
===2019-04-25 17:59:45.112 DEBUG org.apache.servicecomb.serviceregistry.registry.AbstractServiceRegistry Line:249 - instances revision is not changed, service=default/SERVICECENTER/0.0.0+
===2019-04-25 18:00:15.111 DEBUG org.apache.servicecomb.serviceregistry.registry.AbstractServiceRegistry Line:249 - instances revision is not changed, service=default/SERVICECENTER/0.0.0+
===2019-04-25 18:00:45.110 DEBUG org.apache.servicecomb.serviceregistry.registry.AbstractServiceRegistry Line:249 - instances revision is not changed, service=default/SERVICECENTER/0.0.0+
===2019-04-25 18:01:15.109 DEBUG org.apache.servicecomb.serviceregistry.registry.AbstractServiceRegistry Line:249 - instances revision is not changed, service=default/SERVICECENTER/0.0.0+
===2019-04-25 18:01:45.108 DEBUG org.apache.servicecomb.serviceregistry.registry.AbstractServiceRegistry Line:249 - instances revision is not changed, service=default/SERVICECENTER/0.0.0+
===2019-04-25 18:02:15.107 DEBUG org.apache.servicecomb.serviceregistry.registry.AbstractServiceRegistry Line:249 - instances revision is not changed, service=default/SERVICECENTER/0.0.0+
===2019-04-25 18:02:45.106 DEBUG org.apache.servicecomb.serviceregistry.registry.AbstractServiceRegistry Line:249 - instances revision is not changed, service=default/SERVICECENTER/0.0.0+
===2019-04-25 18:03:15.105 DEBUG org.apache.servicecomb.serviceregistry.registry.AbstractServiceRegistry Line:249 - instances revision is not changed, service=default/SERVICECENTER/0.0.0+
===2019-04-25 18:03:45.104 DEBUG org.apache.servicecomb.serviceregistry.registry.AbstractServiceRegistry Line:249 - instances revision is not changed, service=default/SERVICECENTER/0.0.0+
===2019-04-25 18:04:15.102 DEBUG org.apache.servicecomb.serviceregistry.registry.AbstractServiceRegistry Line:249 - instances revision is not changed, service=default/SERVICECENTER/0.0.0+
===2019-04-25 18:04:45.101 DEBUG org.apache.servicecomb.serviceregistry.registry.AbstractServiceRegistry Line:249 - instances revision is not changed, service=default/SERVICECENTER/0.0.0+
===2019-04-25 18:05:15.102 DEBUG org.apache.servicecomb.serviceregistry.registry.AbstractServiceRegistry Line:249 - instances revision is not changed, service=default/SERVICECENTER/0.0.0+
===2019-04-25 18:05:45.101 DEBUG org.apache.servicecomb.serviceregistry.registry.AbstractServiceRegistry Line:249 - instances revision is not changed, service=default/SERVICECENTER/0.0.0+
===2019-04-25 18:06:15.099 DEBUG org.apache.servicecomb.serviceregistry.registry.AbstractServiceRegistry Line:249 - instances revision is not changed, service=default/SERVICECENTER/0.0.0+
===2019-04-25 18:06:45.097 DEBUG org.apache.servicecomb.serviceregistry.registry.AbstractServiceRegistry Line:249 - instances revision is not changed, service=default/SERVICECENTER/0.0.0+
===2019-04-25 18:07:15.096 DEBUG org.apache.servicecomb.serviceregistry.registry.AbstractServiceRegistry Line:249 - instances revision is not changed, service=default/SERVICECENTER/0.0.0+
===2019-04-25 18:07:45.095 DEBUG org.apache.servicecomb.serviceregistry.registry.AbstractServiceRegistry Line:249 - instances revision is not changed, service=default/SERVICECENTER/0.0.0+
===2019-04-25 18:08:15.094 DEBUG org.apache.servicecomb.serviceregistry.registry.AbstractServiceRegistry Line:249 - instances revision is not changed, service=default/SERVICECENTER/0.0.0+
===2019-04-25 18:08:45.093 DEBUG org.apache.servicecomb.serviceregistry.registry.AbstractServiceRegistry Line:249 - instances revision is not changed, service=default/SERVICECENTER/0.0.0+
===2019-04-25 18:09:15.092 DEBUG org.apache.servicecomb.serviceregistry.registry.AbstractServiceRegistry Line:249 - instances revision is not changed, service=default/SERVICECENTER/0.0.0+
===2019-04-25 18:09:45.091 DEBUG org.apache.servicecomb.serviceregistry.registry.AbstractServiceRegistry Line:249 - instances revision is not changed, service=default/SERVICECENTER/0.0.0+
===2019-04-25 18:10:15.090 DEBUG org.apache.servicecomb.serviceregistry.registry.AbstractServiceRegistry Line:249 - instances revision is not changed, service=default/SERVICECENTER/0.0.0+
===2019-04-25 18:10:45.089 DEBUG org.apache.servicecomb.serviceregistry.registry.AbstractServiceRegistry Line:249 - instances revision is not changed, service=default/SERVICECENTER/0.0.0+
===2019-04-25 18:11:15.087 DEBUG org.apache.servicecomb.serviceregistry.registry.AbstractServiceRegistry Line:249 - instances revision is not changed, service=default/SERVICECENTER/0.0.0+
===2019-04-25 18:11:45.142 DEBUG org.apache.servicecomb.serviceregistry.registry.AbstractServiceRegistry Line:249 - instances revision is not changed, service=default/SERVICECENTER/0.0.0+
===2019-04-25 18:12:15.144 DEBUG org.apache.servicecomb.serviceregistry.registry.AbstractServiceRegistry Line:249 - instances revision is not changed, service=default/SERVICECENTER/0.0.0+
===2019-04-25 18:12:45.146 DEBUG org.apache.servicecomb.serviceregistry.registry.AbstractServiceRegistry Line:249 - instances revision is not changed, service=default/SERVICECENTER/0.0.0+
===2019-04-25 18:13:15.147 DEBUG org.apache.servicecomb.serviceregistry.registry.AbstractServiceRegistry Line:249 - instances revision is not changed, service=default/SERVICECENTER/0.0.0+
===2019-04-25 18:13:45.150 DEBUG org.apache.servicecomb.serviceregistry.registry.AbstractServiceRegistry Line:249 - instances revision is not changed, service=default/SERVICECENTER/0.0.0+
===2019-04-25 18:14:15.152 DEBUG org.apache.servicecomb.serviceregistry.registry.AbstractServiceRegistry Line:249 - instances revision is not changed, service=default/SERVICECENTER/0.0.0+
===2019-04-25 18:14:45.154 DEBUG org.apache.servicecomb.serviceregistry.registry.AbstractServiceRegistry Line:249 - instances revision is not changed, service=default/SERVICECENTER/0.0.0+
===2019-04-25 18:15:15.156 DEBUG org.apache.servicecomb.serviceregistry.registry.AbstractServiceRegistry Line:249 - instances revision is not changed, service=default/SERVICECENTER/0.0.0+
===2019-04-25 18:15:45.158 DEBUG org.apache.servicecomb.serviceregistry.registry.AbstractServiceRegistry Line:249 - instances revision is not changed, service=default/SERVICECENTER/0.0.0+
===2019-04-25 18:16:15.160 DEBUG org.apache.servicecomb.serviceregistry.registry.AbstractServiceRegistry Line:249 - instances revision is not changed, service=default/SERVICECENTER/0.0.0+
===2019-04-25 18:16:45.161 DEBUG org.apache.servicecomb.serviceregistry.registry.AbstractServiceRegistry Line:249 - instances revision is not changed, service=default/SERVICECENTER/0.0.0+
===2019-04-25 18:17:15.164 DEBUG org.apache.servicecomb.serviceregistry.registry.AbstractServiceRegistry Line:249 - instances revision is not changed, service=default/SERVICECENTER/0.0.0+
===2019-04-25 18:17:45.166 DEBUG org.apache.servicecomb.serviceregistry.registry.AbstractServiceRegistry Line:249 - instances revision is not changed, service=default/SERVICECENTER/0.0.0+
===2019-04-25 18:18:15.166 DEBUG org.apache.servicecomb.serviceregistry.registry.AbstractServiceRegistry Line:249 - instances revision is not changed, service=default/SERVICECENTER/0.0.0+
===2019-04-25 18:18:45.169 DEBUG org.apache.servicecomb.serviceregistry.registry.AbstractServiceRegistry Line:249 - instances revision is not changed, service=default/SERVICECENTER/0.0.0+
